<?xml version="1.0" encoding="UTF-8"?>
<testsuite xmlns:xsi="http://www.w3.org/2001/XMLSchema-instance" xsi:noNamespaceSchemaLocation="https://maven.apache.org/surefire/maven-surefire-plugin/xsd/surefire-test-report-3.0.xsd" version="3.0" name="TestSuite" time="9.38" tests="1" errors="0" skipped="0" failures="1">
  <properties>
    <property name="sun.desktop" value="windows"/>
    <property name="awt.toolkit" value="sun.awt.windows.WToolkit"/>
    <property name="file.encoding.pkg" value="sun.io"/>
    <property name="java.specification.version" value="1.8"/>
    <property name="webdriver.chrome.driver" value="C:\Users\karthikleven\.m2\repository\webdriver\chromedriver\win32\84.0.4147.30\chromedriver.exe"/>
    <property name="sun.cpu.isalist" value="amd64"/>
    <property name="sun.jnu.encoding" value="Cp1252"/>
    <property name="java.class.path" value="X:\QA\YesM-Systems\Java\eclipse-projects-workspaces\Devops\target\test-classes;X:\QA\YesM-Systems\Java\eclipse-projects-workspaces\Devops\target\classes;X:\ApacheMaven\repositories\local\org\seleniumhq\selenium\selenium-java\3.141.59\selenium-java-3.141.59.jar;X:\ApacheMaven\repositories\local\org\seleniumhq\selenium\selenium-api\3.141.59\selenium-api-3.141.59.jar;X:\ApacheMaven\repositories\local\org\seleniumhq\selenium\selenium-chrome-driver\3.141.59\selenium-chrome-driver-3.141.59.jar;X:\ApacheMaven\repositories\local\org\seleniumhq\selenium\selenium-edge-driver\3.141.59\selenium-edge-driver-3.141.59.jar;X:\ApacheMaven\repositories\local\org\seleniumhq\selenium\selenium-firefox-driver\3.141.59\selenium-firefox-driver-3.141.59.jar;X:\ApacheMaven\repositories\local\org\seleniumhq\selenium\selenium-ie-driver\3.141.59\selenium-ie-driver-3.141.59.jar;X:\ApacheMaven\repositories\local\org\seleniumhq\selenium\selenium-opera-driver\3.141.59\selenium-opera-driver-3.141.59.jar;X:\ApacheMaven\repositories\local\org\seleniumhq\selenium\selenium-remote-driver\3.141.59\selenium-remote-driver-3.141.59.jar;X:\ApacheMaven\repositories\local\org\seleniumhq\selenium\selenium-safari-driver\3.141.59\selenium-safari-driver-3.141.59.jar;X:\ApacheMaven\repositories\local\org\seleniumhq\selenium\selenium-support\3.141.59\selenium-support-3.141.59.jar;X:\ApacheMaven\repositories\local\net\bytebuddy\byte-buddy\1.8.15\byte-buddy-1.8.15.jar;X:\ApacheMaven\repositories\local\org\apache\commons\commons-exec\1.3\commons-exec-1.3.jar;X:\ApacheMaven\repositories\local\com\google\guava\guava\25.0-jre\guava-25.0-jre.jar;X:\ApacheMaven\repositories\local\com\google\code\findbugs\jsr305\1.3.9\jsr305-1.3.9.jar;X:\ApacheMaven\repositories\local\org\checkerframework\checker-compat-qual\2.0.0\checker-compat-qual-2.0.0.jar;X:\ApacheMaven\repositories\local\com\google\errorprone\error_prone_annotations\2.1.3\error_prone_annotations-2.1.3.jar;X:\ApacheMaven\repositories\local\com\google\j2objc\j2objc-annotations\1.1\j2objc-annotations-1.1.jar;X:\ApacheMaven\repositories\local\org\codehaus\mojo\animal-sniffer-annotations\1.14\animal-sniffer-annotations-1.14.jar;X:\ApacheMaven\repositories\local\com\squareup\okhttp3\okhttp\3.11.0\okhttp-3.11.0.jar;X:\ApacheMaven\repositories\local\com\squareup\okio\okio\1.14.0\okio-1.14.0.jar;X:\ApacheMaven\repositories\local\org\testng\testng\7.3.0\testng-7.3.0.jar;X:\ApacheMaven\repositories\local\com\beust\jcommander\1.78\jcommander-1.78.jar;X:\ApacheMaven\repositories\local\org\apache\ant\ant\1.10.3\ant-1.10.3.jar;X:\ApacheMaven\repositories\local\org\apache\ant\ant-launcher\1.10.3\ant-launcher-1.10.3.jar;X:\ApacheMaven\repositories\local\junit\junit\4.12\junit-4.12.jar;X:\ApacheMaven\repositories\local\org\hamcrest\hamcrest-core\1.3\hamcrest-core-1.3.jar;X:\ApacheMaven\repositories\local\com\google\inject\guice\4.2.2\guice-4.2.2-no_aop.jar;X:\ApacheMaven\repositories\local\javax\inject\javax.inject\1\javax.inject-1.jar;X:\ApacheMaven\repositories\local\aopalliance\aopalliance\1.0\aopalliance-1.0.jar;X:\ApacheMaven\repositories\local\org\yaml\snakeyaml\1.21\snakeyaml-1.21.jar;X:\ApacheMaven\repositories\local\io\github\bonigarcia\webDrivermanager\4.1.0\webDrivermanager-4.1.0.jar;X:\ApacheMaven\repositories\local\org\slf4j\slf4j-api\1.7.30\slf4j-api-1.7.30.jar;X:\ApacheMaven\repositories\local\commons-io\commons-io\2.7\commons-io-2.7.jar;X:\ApacheMaven\repositories\local\com\google\code\gson\gson\2.8.6\gson-2.8.6.jar;X:\ApacheMaven\repositories\local\org\apache\commons\commons-lang3\3.10\commons-lang3-3.10.jar;X:\ApacheMaven\repositories\local\org\apache\httpcomponents\client5\httpclient5\5.0.1\httpclient5-5.0.1.jar;X:\ApacheMaven\repositories\local\org\apache\httpcomponents\core5\httpcore5\5.0.1\httpcore5-5.0.1.jar;X:\ApacheMaven\repositories\local\org\apache\httpcomponents\core5\httpcore5-h2\5.0.1\httpcore5-h2-5.0.1.jar;X:\ApacheMaven\repositories\local\commons-codec\commons-codec\1.13\commons-codec-1.13.jar;X:\ApacheMaven\repositories\local\org\rauschig\jarchivelib\1.0.0\jarchivelib-1.0.0.jar;X:\ApacheMaven\repositories\local\org\apache\commons\commons-compress\1.18\commons-compress-1.18.jar;X:\ApacheMaven\repositories\local\org\jsoup\jsoup\1.13.1\jsoup-1.13.1.jar;"/>
    <property name="java.vm.vendor" value="Oracle Corporation"/>
    <property name="sun.arch.data.model" value="64"/>
    <property name="user.variant" value=""/>
    <property name="java.vendor.url" value="http://java.oracle.com/"/>
    <property name="user.timezone" value="America/Los_Angeles"/>
    <property name="java.vm.specification.version" value="1.8"/>
    <property name="os.name" value="Windows 8.1"/>
    <property name="user.country" value="US"/>
    <property name="sun.java.launcher" value="SUN_STANDARD"/>
    <property name="sun.boot.library.path" value="C:\Program Files\Java\jdk8\jre\bin"/>
    <property name="sun.java.command" value="C:\Users\karthikleven\AppData\Local\Temp\surefire5075145206590882002\surefirebooter6921307190476628866.jar C:\Users\karthikleven\AppData\Local\Temp\surefire5075145206590882002 2020-08-17T12-24-58_254-jvmRun1 surefire2544094397555615571tmp surefire_07794686059203599974tmp"/>
    <property name="surefire.test.class.path" value="X:\QA\YesM-Systems\Java\eclipse-projects-workspaces\Devops\target\test-classes;X:\QA\YesM-Systems\Java\eclipse-projects-workspaces\Devops\target\classes;X:\ApacheMaven\repositories\local\org\seleniumhq\selenium\selenium-java\3.141.59\selenium-java-3.141.59.jar;X:\ApacheMaven\repositories\local\org\seleniumhq\selenium\selenium-api\3.141.59\selenium-api-3.141.59.jar;X:\ApacheMaven\repositories\local\org\seleniumhq\selenium\selenium-chrome-driver\3.141.59\selenium-chrome-driver-3.141.59.jar;X:\ApacheMaven\repositories\local\org\seleniumhq\selenium\selenium-edge-driver\3.141.59\selenium-edge-driver-3.141.59.jar;X:\ApacheMaven\repositories\local\org\seleniumhq\selenium\selenium-firefox-driver\3.141.59\selenium-firefox-driver-3.141.59.jar;X:\ApacheMaven\repositories\local\org\seleniumhq\selenium\selenium-ie-driver\3.141.59\selenium-ie-driver-3.141.59.jar;X:\ApacheMaven\repositories\local\org\seleniumhq\selenium\selenium-opera-driver\3.141.59\selenium-opera-driver-3.141.59.jar;X:\ApacheMaven\repositories\local\org\seleniumhq\selenium\selenium-remote-driver\3.141.59\selenium-remote-driver-3.141.59.jar;X:\ApacheMaven\repositories\local\org\seleniumhq\selenium\selenium-safari-driver\3.141.59\selenium-safari-driver-3.141.59.jar;X:\ApacheMaven\repositories\local\org\seleniumhq\selenium\selenium-support\3.141.59\selenium-support-3.141.59.jar;X:\ApacheMaven\repositories\local\net\bytebuddy\byte-buddy\1.8.15\byte-buddy-1.8.15.jar;X:\ApacheMaven\repositories\local\org\apache\commons\commons-exec\1.3\commons-exec-1.3.jar;X:\ApacheMaven\repositories\local\com\google\guava\guava\25.0-jre\guava-25.0-jre.jar;X:\ApacheMaven\repositories\local\com\google\code\findbugs\jsr305\1.3.9\jsr305-1.3.9.jar;X:\ApacheMaven\repositories\local\org\checkerframework\checker-compat-qual\2.0.0\checker-compat-qual-2.0.0.jar;X:\ApacheMaven\repositories\local\com\google\errorprone\error_prone_annotations\2.1.3\error_prone_annotations-2.1.3.jar;X:\ApacheMaven\repositories\local\com\google\j2objc\j2objc-annotations\1.1\j2objc-annotations-1.1.jar;X:\ApacheMaven\repositories\local\org\codehaus\mojo\animal-sniffer-annotations\1.14\animal-sniffer-annotations-1.14.jar;X:\ApacheMaven\repositories\local\com\squareup\okhttp3\okhttp\3.11.0\okhttp-3.11.0.jar;X:\ApacheMaven\repositories\local\com\squareup\okio\okio\1.14.0\okio-1.14.0.jar;X:\ApacheMaven\repositories\local\org\testng\testng\7.3.0\testng-7.3.0.jar;X:\ApacheMaven\repositories\local\com\beust\jcommander\1.78\jcommander-1.78.jar;X:\ApacheMaven\repositories\local\org\apache\ant\ant\1.10.3\ant-1.10.3.jar;X:\ApacheMaven\repositories\local\org\apache\ant\ant-launcher\1.10.3\ant-launcher-1.10.3.jar;X:\ApacheMaven\repositories\local\junit\junit\4.12\junit-4.12.jar;X:\ApacheMaven\repositories\local\org\hamcrest\hamcrest-core\1.3\hamcrest-core-1.3.jar;X:\ApacheMaven\repositories\local\com\google\inject\guice\4.2.2\guice-4.2.2-no_aop.jar;X:\ApacheMaven\repositories\local\javax\inject\javax.inject\1\javax.inject-1.jar;X:\ApacheMaven\repositories\local\aopalliance\aopalliance\1.0\aopalliance-1.0.jar;X:\ApacheMaven\repositories\local\org\yaml\snakeyaml\1.21\snakeyaml-1.21.jar;X:\ApacheMaven\repositories\local\io\github\bonigarcia\webDrivermanager\4.1.0\webDrivermanager-4.1.0.jar;X:\ApacheMaven\repositories\local\org\slf4j\slf4j-api\1.7.30\slf4j-api-1.7.30.jar;X:\ApacheMaven\repositories\local\commons-io\commons-io\2.7\commons-io-2.7.jar;X:\ApacheMaven\repositories\local\com\google\code\gson\gson\2.8.6\gson-2.8.6.jar;X:\ApacheMaven\repositories\local\org\apache\commons\commons-lang3\3.10\commons-lang3-3.10.jar;X:\ApacheMaven\repositories\local\org\apache\httpcomponents\client5\httpclient5\5.0.1\httpclient5-5.0.1.jar;X:\ApacheMaven\repositories\local\org\apache\httpcomponents\core5\httpcore5\5.0.1\httpcore5-5.0.1.jar;X:\ApacheMaven\repositories\local\org\apache\httpcomponents\core5\httpcore5-h2\5.0.1\httpcore5-h2-5.0.1.jar;X:\ApacheMaven\repositories\local\commons-codec\commons-codec\1.13\commons-codec-1.13.jar;X:\ApacheMaven\repositories\local\org\rauschig\jarchivelib\1.0.0\jarchivelib-1.0.0.jar;X:\ApacheMaven\repositories\local\org\apache\commons\commons-compress\1.18\commons-compress-1.18.jar;X:\ApacheMaven\repositories\local\org\jsoup\jsoup\1.13.1\jsoup-1.13.1.jar;"/>
    <property name="sun.cpu.endian" value="little"/>
    <property name="user.home" value="C:\Users\karthikleven"/>
    <property name="user.language" value="en"/>
    <property name="java.specification.vendor" value="Oracle Corporation"/>
    <property name="java.home" value="C:\Program Files\Java\jdk8\jre"/>
    <property name="basedir" value="X:\QA\YesM-Systems\Java\eclipse-projects-workspaces\Devops"/>
    <property name="file.separator" value="\"/>
    <property name="line.separator" value="&#10;"/>
    <property name="java.vm.specification.vendor" value="Oracle Corporation"/>
    <property name="java.specification.name" value="Java Platform API Specification"/>
    <property name="java.awt.graphicsenv" value="sun.awt.Win32GraphicsEnvironment"/>
    <property name="surefire.real.class.path" value="C:\Users\karthikleven\AppData\Local\Temp\surefire5075145206590882002\surefirebooter6921307190476628866.jar"/>
    <property name="sun.boot.class.path" value="C:\Program Files\Java\jdk8\jre\lib\resources.jar;C:\Program Files\Java\jdk8\jre\lib\rt.jar;C:\Program Files\Java\jdk8\jre\lib\sunrsasign.jar;C:\Program Files\Java\jdk8\jre\lib\jsse.jar;C:\Program Files\Java\jdk8\jre\lib\jce.jar;C:\Program Files\Java\jdk8\jre\lib\charsets.jar;C:\Program Files\Java\jdk8\jre\lib\jfr.jar;C:\Program Files\Java\jdk8\jre\classes"/>
    <property name="user.script" value=""/>
    <property name="sun.management.compiler" value="HotSpot 64-Bit Tiered Compilers"/>
    <property name="java.runtime.version" value="1.8.0_45-b15"/>
    <property name="user.name" value="karthikleven"/>
    <property name="path.separator" value=";"/>
    <property name="os.version" value="6.3"/>
    <property name="java.endorsed.dirs" value="C:\Program Files\Java\jdk8\jre\lib\endorsed"/>
    <property name="java.runtime.name" value="Java(TM) SE Runtime Environment"/>
    <property name="file.encoding" value="Cp1252"/>
    <property name="java.vm.name" value="Java HotSpot(TM) 64-Bit Server VM"/>
    <property name="localRepository" value="X:\ApacheMaven\repositories\local"/>
    <property name="java.vendor.url.bug" value="http://bugreport.sun.com/bugreport/"/>
    <property name="java.io.tmpdir" value="C:\Users\KARTHI~1\AppData\Local\Temp\"/>
    <property name="java.version" value="1.8.0_45"/>
    <property name="user.dir" value="X:\QA\YesM-Systems\Java\eclipse-projects-workspaces\Devops"/>
    <property name="os.arch" value="amd64"/>
    <property name="java.vm.specification.name" value="Java Virtual Machine Specification"/>
    <property name="java.awt.printerjob" value="sun.awt.windows.WPrinterJob"/>
    <property name="sun.os.patch.level" value=""/>
    <property name="java.library.path" value="C:\Program Files\Java\jdk8\jre\bin;C:\Windows\Sun\Java\bin;C:\Windows\system32;C:\Windows;C:/Program Files/Java/jre1.8.0_45/bin/server;C:/Program Files/Java/jre1.8.0_45/bin;C:/Program Files/Java/jre1.8.0_45/lib/amd64;C:\ProgramData\Oracle\Java\javapath;C:\Windows\system32;C:\Windows;C:\Windows\System32\Wbem;C:\Windows\System32\WindowsPowerShell\v1.0\;C:\Program Files\TortoiseSVN\bin;C:\Program Files\OpenVPN\bin;C:\Dropbox\apps\openvpn\bin;C:\Dropbox\apps\TortoiseGit\bin;C:\Program Files\Git\cmd;C:\Windows\system32\config\systemprofile\.dnx\bin;C:\Program Files\Microsoft DNX\Dnvm\;C:\Program Files\Microsoft SQL Server\130\Tools\Binn\;C:\Program Files (x86)\Windows Kits\10\Windows Performance Toolkit\;C:\Program Files (x86)\QuickTime\QTSystem\;C:\Dropbox\ApacheMaven\bin;C:\Dropbox\apps\CCpp\gcc-for-windows\mingw-32bit\gcc4.8.2\bin;C:\Program Files\Java\jdk8\bin;C:\Dropbox\apps\mongoDb\bin;C:\Dropbox\apps\Python2.7;C:\Dropbox\apps\Python2.7\Scripts;C:\Dropbox\apps\openssl\bin;C:\Users\karthikleven\AppData\Local\atom\bin;C:\Dropbox\nodejs;C:\Dropbox\apps\git\bin;C:\Users\karthikleven\AppData\Roaming\npm;C:\Program Files\Docker Toolbox;C:\Dropbox\QA\YesM-Systems\Java\java-oxygen-1a-64bit;;."/>
    <property name="java.vm.info" value="mixed mode"/>
    <property name="java.vendor" value="Oracle Corporation"/>
    <property name="java.vm.version" value="25.45-b02"/>
    <property name="java.ext.dirs" value="C:\Program Files\Java\jdk8\jre\lib\ext;C:\Windows\Sun\Java\lib\ext"/>
    <property name="sun.io.unicode.encoding" value="UnicodeLittle"/>
    <property name="java.class.version" value="52.0"/>
  </properties>
  <testcase name="negativeLogin1" classname="com.navya.test.FirstExample" time="7.104">
    <failure message="no such window: target window already closed&#10;from unknown error: web view not found&#10;  (Session info: chrome=84.0.4147.125)&#10;Build info: version: &apos;3.141.59&apos;, revision: &apos;e82be7d358&apos;, time: &apos;2018-11-14T08:17:03&apos;&#10;System info: host: &apos;WIN8THINKPAD&apos;, ip: &apos;192.168.56.1&apos;, os.name: &apos;Windows 8.1&apos;, os.arch: &apos;amd64&apos;, os.version: &apos;6.3&apos;, java.version: &apos;1.8.0_45&apos;&#10;Driver info: org.openqa.selenium.chrome.ChromeDriver&#10;Capabilities {acceptInsecureCerts: false, browserName: chrome, browserVersion: 84.0.4147.125, chrome: {chromedriverVersion: 84.0.4147.30 (48b3e868b4cc0..., userDataDir: C:\Users\KARTHI~1\AppData\L...}, goog:chromeOptions: {debuggerAddress: localhost:49406}, javascriptEnabled: true, networkConnectionEnabled: false, pageLoadStrategy: normal, platform: WINDOWS, platformName: WINDOWS, proxy: Proxy(), setWindowRect: true, strictFileInteractability: false, timeouts: {implicit: 0, pageLoad: 300000, script: 30000}, unhandledPromptBehavior: dismiss and notify, webauthn:virtualAuthenticators: true}&#10;Session ID: 387ce0e1999ec42eebf4b0f0545b5fe8&#10;*** Element info: {Using=xpath, value=//*[@id=&quot;block-header&quot;]/ul/li[9]/a/span[1]/div}" type="org.openqa.selenium.NoSuchWindowException"><![CDATA[org.openqa.selenium.NoSuchWindowException: 
no such window: target window already closed
from unknown error: web view not found
  (Session info: chrome=84.0.4147.125)
Build info: version: '3.141.59', revision: 'e82be7d358', time: '2018-11-14T08:17:03'
System info: host: 'WIN8THINKPAD', ip: '192.168.56.1', os.name: 'Windows 8.1', os.arch: 'amd64', os.version: '6.3', java.version: '1.8.0_45'
Driver info: org.openqa.selenium.chrome.ChromeDriver
Capabilities {acceptInsecureCerts: false, browserName: chrome, browserVersion: 84.0.4147.125, chrome: {chromedriverVersion: 84.0.4147.30 (48b3e868b4cc0..., userDataDir: C:\Users\KARTHI~1\AppData\L...}, goog:chromeOptions: {debuggerAddress: localhost:49406}, javascriptEnabled: true, networkConnectionEnabled: false, pageLoadStrategy: normal, platform: WINDOWS, platformName: WINDOWS, proxy: Proxy(), setWindowRect: true, strictFileInteractability: false, timeouts: {implicit: 0, pageLoad: 300000, script: 30000}, unhandledPromptBehavior: dismiss and notify, webauthn:virtualAuthenticators: true}
Session ID: 387ce0e1999ec42eebf4b0f0545b5fe8
*** Element info: {Using=xpath, value=//*[@id="block-header"]/ul/li[9]/a/span[1]/div}
	at com.navya.test.FirstExample.negativeLogin1(FirstExample.java:25)
]]></failure>
    <system-out><![CDATA[[TestNGContentHandler] [WARN] It is strongly recommended to add "<!DOCTYPE suite SYSTEM "https://testng.org/testng-1.0.dtd" >" at the top of your file, otherwise TestNG may fail or not work as expected.
]]></system-out>
    <system-err><![CDATA[SLF4J: Failed to load class "org.slf4j.impl.StaticLoggerBinder".
SLF4J: Defaulting to no-operation (NOP) logger implementation
SLF4J: See http://www.slf4j.org/codes.html#StaticLoggerBinder for further details.
Starting ChromeDriver 84.0.4147.30 (48b3e868b4cc0aa7e8149519690b6f6949e110a8-refs/branch-heads/4147@{#310}) on port 2331
Only local connections are allowed.
Please see https://chromedriver.chromium.org/security-considerations for suggestions on keeping ChromeDriver safe.
ChromeDriver was started successfully.
Aug 17, 2020 12:25:08 PM org.openqa.selenium.remote.ProtocolHandshake createSession
INFO: Detected dialect: W3C
]]></system-err>
  </testcase>
</testsuite>